Analysis & Synthesis report for morse
Mon Oct 06 23:41:37 2025
Quartus Prime Version 18.1.0 Build 625 09/12/2018 SJ Lite Edition


---------------------
; Table of Contents ;
---------------------
  1. Legal Notice
  2. Analysis & Synthesis Summary
  3. Analysis & Synthesis Settings
  4. Parallel Compilation
  5. Analysis & Synthesis Source Files Read
  6. Analysis & Synthesis Resource Usage Summary
  7. Analysis & Synthesis Resource Utilization by Entity
  8. State Machine - |morse_top|morse:morse_decoder|state
  9. Registers Removed During Synthesis
 10. Removed Registers Triggering Further Register Optimizations
 11. General Register Statistics
 12. Inverted Register Statistics
 13. Multiplexer Restructuring Statistics (Restructuring Performed)
 14. Parameter Settings for User Entity Instance: morse:morse_decoder
 15. Post-Synthesis Netlist Statistics for Top Partition
 16. Elapsed Time Per Partition
 17. Analysis & Synthesis Messages



----------------
; Legal Notice ;
----------------
Copyright (C) 2018  Intel Corporation. All rights reserved.
Your use of Intel Corporation's design tools, logic functions 
and other software and tools, and its AMPP partner logic 
functions, and any output files from any of the foregoing 
(including device programming or simulation files), and any 
associated documentation or information are expressly subject 
to the terms and conditions of the Intel Program License 
Subscription Agreement, the Intel Quartus Prime License Agreement,
the Intel FPGA IP License Agreement, or other applicable license
agreement, including, without limitation, that your use is for
the sole purpose of programming logic devices manufactured by
Intel and sold by Intel or its authorized distributors.  Please
refer to the applicable agreement for further details.



+-------------------------------------------------------------------------------+
; Analysis & Synthesis Summary                                                  ;
+---------------------------------+---------------------------------------------+
; Analysis & Synthesis Status     ; Successful - Mon Oct 06 23:41:37 2025       ;
; Quartus Prime Version           ; 18.1.0 Build 625 09/12/2018 SJ Lite Edition ;
; Revision Name                   ; morse                                       ;
; Top-level Entity Name           ; morse_top                                   ;
; Family                          ; Cyclone V                                   ;
; Logic utilization (in ALMs)     ; N/A                                         ;
; Total registers                 ; 108                                         ;
; Total pins                      ; 46                                          ;
; Total virtual pins              ; 0                                           ;
; Total block memory bits         ; 0                                           ;
; Total DSP Blocks                ; 0                                           ;
; Total HSSI RX PCSs              ; 0                                           ;
; Total HSSI PMA RX Deserializers ; 0                                           ;
; Total HSSI TX PCSs              ; 0                                           ;
; Total HSSI PMA TX Serializers   ; 0                                           ;
; Total PLLs                      ; 0                                           ;
; Total DLLs                      ; 0                                           ;
+---------------------------------+---------------------------------------------+


+---------------------------------------------------------------------------------------------------------------------------+
; Analysis & Synthesis Settings                                                                                             ;
+---------------------------------------------------------------------------------+--------------------+--------------------+
; Option                                                                          ; Setting            ; Default Value      ;
+---------------------------------------------------------------------------------+--------------------+--------------------+
; Device                                                                          ; 5CSEMA5F31C6       ;                    ;
; Top-level entity name                                                           ; morse_top          ; morse              ;
; Family name                                                                     ; Cyclone V          ; Cyclone V          ;
; Use smart compilation                                                           ; Off                ; Off                ;
; Enable parallel Assembler and Timing Analyzer during compilation                ; On                 ; On                 ;
; Enable compact report table                                                     ; Off                ; Off                ;
; Restructure Multiplexers                                                        ; Auto               ; Auto               ;
; MLAB Add Timing Constraints For Mixed-Port Feed-Through Mode Setting Don't Care ; Off                ; Off                ;
; Create Debugging Nodes for IP Cores                                             ; Off                ; Off                ;
; Preserve fewer node names                                                       ; On                 ; On                 ;
; Intel FPGA IP Evaluation Mode                                                   ; Enable             ; Enable             ;
; Verilog Version                                                                 ; Verilog_2001       ; Verilog_2001       ;
; VHDL Version                                                                    ; VHDL_1993          ; VHDL_1993          ;
; State Machine Processing                                                        ; Auto               ; Auto               ;
; Safe State Machine                                                              ; Off                ; Off                ;
; Extract Verilog State Machines                                                  ; On                 ; On                 ;
; Extract VHDL State Machines                                                     ; On                 ; On                 ;
; Ignore Verilog initial constructs                                               ; Off                ; Off                ;
; Iteration limit for constant Verilog loops                                      ; 5000               ; 5000               ;
; Iteration limit for non-constant Verilog loops                                  ; 250                ; 250                ;
; Add Pass-Through Logic to Inferred RAMs                                         ; On                 ; On                 ;
; Infer RAMs from Raw Logic                                                       ; On                 ; On                 ;
; Parallel Synthesis                                                              ; On                 ; On                 ;
; DSP Block Balancing                                                             ; Auto               ; Auto               ;
; NOT Gate Push-Back                                                              ; On                 ; On                 ;
; Power-Up Don't Care                                                             ; On                 ; On                 ;
; Remove Redundant Logic Cells                                                    ; Off                ; Off                ;
; Remove Duplicate Registers                                                      ; On                 ; On                 ;
; Ignore CARRY Buffers                                                            ; Off                ; Off                ;
; Ignore CASCADE Buffers                                                          ; Off                ; Off                ;
; Ignore GLOBAL Buffers                                                           ; Off                ; Off                ;
; Ignore ROW GLOBAL Buffers                                                       ; Off                ; Off                ;
; Ignore LCELL Buffers                                                            ; Off                ; Off                ;
; Ignore SOFT Buffers                                                             ; On                 ; On                 ;
; Limit AHDL Integers to 32 Bits                                                  ; Off                ; Off                ;
; Optimization Technique                                                          ; Balanced           ; Balanced           ;
; Carry Chain Length                                                              ; 70                 ; 70                 ;
; Auto Carry Chains                                                               ; On                 ; On                 ;
; Auto Open-Drain Pins                                                            ; On                 ; On                 ;
; Perform WYSIWYG Primitive Resynthesis                                           ; Off                ; Off                ;
; Auto ROM Replacement                                                            ; On                 ; On                 ;
; Auto RAM Replacement                                                            ; On                 ; On                 ;
; Auto DSP Block Replacement                                                      ; On                 ; On                 ;
; Auto Shift Register Replacement                                                 ; Auto               ; Auto               ;
; Allow Shift Register Merging across Hierarchies                                 ; Auto               ; Auto               ;
; Auto Clock Enable Replacement                                                   ; On                 ; On                 ;
; Strict RAM Replacement                                                          ; Off                ; Off                ;
; Allow Synchronous Control Signals                                               ; On                 ; On                 ;
; Force Use of Synchronous Clear Signals                                          ; Off                ; Off                ;
; Auto Resource Sharing                                                           ; Off                ; Off                ;
; Allow Any RAM Size For Recognition                                              ; Off                ; Off                ;
; Allow Any ROM Size For Recognition                                              ; Off                ; Off                ;
; Allow Any Shift Register Size For Recognition                                   ; Off                ; Off                ;
; Use LogicLock Constraints during Resource Balancing                             ; On                 ; On                 ;
; Ignore translate_off and synthesis_off directives                               ; Off                ; Off                ;
; Timing-Driven Synthesis                                                         ; On                 ; On                 ;
; Report Parameter Settings                                                       ; On                 ; On                 ;
; Report Source Assignments                                                       ; On                 ; On                 ;
; Report Connectivity Checks                                                      ; On                 ; On                 ;
; Ignore Maximum Fan-Out Assignments                                              ; Off                ; Off                ;
; Synchronization Register Chain Length                                           ; 3                  ; 3                  ;
; Power Optimization During Synthesis                                             ; Normal compilation ; Normal compilation ;
; HDL message level                                                               ; Level2             ; Level2             ;
; Suppress Register Optimization Related Messages                                 ; Off                ; Off                ;
; Number of Removed Registers Reported in Synthesis Report                        ; 5000               ; 5000               ;
; Number of Swept Nodes Reported in Synthesis Report                              ; 5000               ; 5000               ;
; Number of Inverted Registers Reported in Synthesis Report                       ; 100                ; 100                ;
; Clock MUX Protection                                                            ; On                 ; On                 ;
; Auto Gated Clock Conversion                                                     ; Off                ; Off                ;
; Block Design Naming                                                             ; Auto               ; Auto               ;
; SDC constraint protection                                                       ; Off                ; Off                ;
; Synthesis Effort                                                                ; Auto               ; Auto               ;
; Shift Register Replacement - Allow Asynchronous Clear Signal                    ; On                 ; On                 ;
; Pre-Mapping Resynthesis Optimization                                            ; Off                ; Off                ;
; Analysis & Synthesis Message Level                                              ; Medium             ; Medium             ;
; Disable Register Merging Across Hierarchies                                     ; Auto               ; Auto               ;
; Resource Aware Inference For Block RAM                                          ; On                 ; On                 ;
; Automatic Parallel Synthesis                                                    ; On                 ; On                 ;
; Partial Reconfiguration Bitstream ID                                            ; Off                ; Off                ;
+---------------------------------------------------------------------------------+--------------------+--------------------+


+------------------------------------------+
; Parallel Compilation                     ;
+----------------------------+-------------+
; Processors                 ; Number      ;
+----------------------------+-------------+
; Number detected on machine ; 12          ;
; Maximum allowed            ; 6           ;
;                            ;             ;
; Average used               ; 1.00        ;
; Maximum used               ; 6           ;
;                            ;             ;
; Usage by Processor         ; % Time Used ;
;     Processor 1            ; 100.0%      ;
;     Processors 2-6         ;   0.0%      ;
+----------------------------+-------------+


+---------------------------------------------------------------------------------------------------------------------------------------+
; Analysis & Synthesis Source Files Read                                                                                                ;
+----------------------------------+-----------------+------------------------+-----------------------------------------------+---------+
; File Name with User-Entered Path ; Used in Netlist ; File Type              ; File Name with Absolute Path                  ; Library ;
+----------------------------------+-----------------+------------------------+-----------------------------------------------+---------+
; morse.v                          ; yes             ; User Verilog HDL File  ; D:/Repos/altera_morse_decoder/src/morse.v     ;         ;
; display.v                        ; yes             ; User Verilog HDL File  ; D:/Repos/altera_morse_decoder/src/display.v   ;         ;
; morse_top.v                      ; yes             ; User Verilog HDL File  ; D:/Repos/altera_morse_decoder/src/morse_top.v ;         ;
+----------------------------------+-----------------+------------------------+-----------------------------------------------+---------+


+---------------------------------------------------------+
; Analysis & Synthesis Resource Usage Summary             ;
+---------------------------------------------+-----------+
; Resource                                    ; Usage     ;
+---------------------------------------------+-----------+
; Estimate of Logic utilization (ALMs needed) ; 59        ;
;                                             ;           ;
; Combinational ALUT usage for logic          ; 95        ;
;     -- 7 input functions                    ; 1         ;
;     -- 6 input functions                    ; 3         ;
;     -- 5 input functions                    ; 3         ;
;     -- 4 input functions                    ; 9         ;
;     -- <=3 input functions                  ; 79        ;
;                                             ;           ;
; Dedicated logic registers                   ; 108       ;
;                                             ;           ;
; I/O pins                                    ; 46        ;
;                                             ;           ;
; Total DSP Blocks                            ; 0         ;
;                                             ;           ;
; Maximum fan-out node                        ; clk~input ;
; Maximum fan-out                             ; 108       ;
; Total fan-out                               ; 734       ;
; Average fan-out                             ; 2.49      ;
+---------------------------------------------+-----------+


+----------------------------------------------------------------------------------------------------------------------------------------------------------------------------------------------------+
; Analysis & Synthesis Resource Utilization by Entity                                                                                                                                                ;
+----------------------------+---------------------+---------------------------+-------------------+------------+------+--------------+---------------------------------+-------------+--------------+
; Compilation Hierarchy Node ; Combinational ALUTs ; Dedicated Logic Registers ; Block Memory Bits ; DSP Blocks ; Pins ; Virtual Pins ; Full Hierarchy Name             ; Entity Name ; Library Name ;
+----------------------------+---------------------+---------------------------+-------------------+------------+------+--------------+---------------------------------+-------------+--------------+
; |morse_top                 ; 95 (0)              ; 108 (0)                   ; 0                 ; 0          ; 46   ; 0            ; |morse_top                      ; morse_top   ; work         ;
;    |display:display_unit|  ; 45 (45)             ; 63 (63)                   ; 0                 ; 0          ; 0    ; 0            ; |morse_top|display:display_unit ; display     ; work         ;
;    |morse:morse_decoder|   ; 50 (50)             ; 45 (45)                   ; 0                 ; 0          ; 0    ; 0            ; |morse_top|morse:morse_decoder  ; morse       ; work         ;
+----------------------------+---------------------+---------------------------+-------------------+------------+------+--------------+---------------------------------+-------------+--------------+
Note: For table entries with two numbers listed, the numbers in parentheses indicate the number of resources of the given type used by the specific entity alone. The numbers listed outside of parentheses indicate the total resources of the given type used by the specific entity and all of its sub-entities in the hierarchy.


Encoding Type:  One-Hot
+---------------------------------------------------------------------------------------+
; State Machine - |morse_top|morse:morse_decoder|state                                  ;
+------------------+------------------+------------------+-----------------+------------+
; Name             ; state.LETTER_END ; state.SYMBOL_END ; state.RECEIVING ; state.IDLE ;
+------------------+------------------+------------------+-----------------+------------+
; state.IDLE       ; 0                ; 0                ; 0               ; 0          ;
; state.RECEIVING  ; 0                ; 0                ; 1               ; 1          ;
; state.SYMBOL_END ; 0                ; 1                ; 0               ; 1          ;
; state.LETTER_END ; 1                ; 0                ; 0               ; 1          ;
+------------------+------------------+------------------+-----------------+------------+


+----------------------------------------------------------------------------------------------------+
; Registers Removed During Synthesis                                                                 ;
+--------------------------------------------+-------------------------------------------------------+
; Register name                              ; Reason for Removal                                    ;
+--------------------------------------------+-------------------------------------------------------+
; morse:morse_decoder|ascii_char[7]          ; Stuck at GND due to stuck port data_in                ;
; display:display_unit|display_buffer[0][7]  ; Stuck at GND due to stuck port data_in                ;
; display:display_unit|display_buffer[1][7]  ; Stuck at GND due to stuck port data_in                ;
; display:display_unit|display_buffer[2][7]  ; Stuck at GND due to stuck port data_in                ;
; display:display_unit|display_buffer[3][7]  ; Stuck at GND due to stuck port data_in                ;
; display:display_unit|display_buffer[4][7]  ; Stuck at GND due to stuck port data_in                ;
; display:display_unit|display_buffer[5][7]  ; Stuck at GND due to stuck port data_in                ;
; morse:morse_decoder|received_pattern[0..4] ; Lost fanout                                           ;
; morse:morse_decoder|timer[0..31]           ; Lost fanout                                           ;
; morse:morse_decoder|ascii_char[2..4]       ; Merged with morse:morse_decoder|ascii_char[1]         ;
; morse:morse_decoder|ascii_char[6]          ; Merged with morse:morse_decoder|ascii_char[5]         ;
; display:display_unit|display_buffer[0][4]  ; Merged with display:display_unit|display_buffer[0][1] ;
; display:display_unit|display_buffer[0][3]  ; Merged with display:display_unit|display_buffer[0][1] ;
; display:display_unit|display_buffer[0][2]  ; Merged with display:display_unit|display_buffer[0][1] ;
; display:display_unit|display_buffer[0][6]  ; Merged with display:display_unit|display_buffer[0][5] ;
; display:display_unit|display_buffer[1][4]  ; Merged with display:display_unit|display_buffer[1][1] ;
; display:display_unit|display_buffer[1][3]  ; Merged with display:display_unit|display_buffer[1][1] ;
; display:display_unit|display_buffer[1][2]  ; Merged with display:display_unit|display_buffer[1][1] ;
; display:display_unit|display_buffer[1][6]  ; Merged with display:display_unit|display_buffer[1][5] ;
; display:display_unit|display_buffer[2][4]  ; Merged with display:display_unit|display_buffer[2][1] ;
; display:display_unit|display_buffer[2][3]  ; Merged with display:display_unit|display_buffer[2][1] ;
; display:display_unit|display_buffer[2][2]  ; Merged with display:display_unit|display_buffer[2][1] ;
; display:display_unit|display_buffer[2][6]  ; Merged with display:display_unit|display_buffer[2][5] ;
; display:display_unit|display_buffer[3][4]  ; Merged with display:display_unit|display_buffer[3][1] ;
; display:display_unit|display_buffer[3][3]  ; Merged with display:display_unit|display_buffer[3][1] ;
; display:display_unit|display_buffer[3][2]  ; Merged with display:display_unit|display_buffer[3][1] ;
; display:display_unit|display_buffer[3][6]  ; Merged with display:display_unit|display_buffer[3][5] ;
; display:display_unit|display_buffer[4][4]  ; Merged with display:display_unit|display_buffer[4][1] ;
; display:display_unit|display_buffer[4][3]  ; Merged with display:display_unit|display_buffer[4][1] ;
; display:display_unit|display_buffer[4][2]  ; Merged with display:display_unit|display_buffer[4][1] ;
; display:display_unit|display_buffer[4][6]  ; Merged with display:display_unit|display_buffer[4][5] ;
; display:display_unit|display_buffer[5][4]  ; Merged with display:display_unit|display_buffer[5][1] ;
; display:display_unit|display_buffer[5][3]  ; Merged with display:display_unit|display_buffer[5][1] ;
; display:display_unit|display_buffer[5][2]  ; Merged with display:display_unit|display_buffer[5][1] ;
; display:display_unit|display_buffer[5][6]  ; Merged with display:display_unit|display_buffer[5][5] ;
; morse:morse_decoder|state~8                ; Lost fanout                                           ;
; morse:morse_decoder|state~9                ; Lost fanout                                           ;
; morse:morse_decoder|state~10               ; Lost fanout                                           ;
; Total Number of Removed Registers = 75     ;                                                       ;
+--------------------------------------------+-------------------------------------------------------+


+---------------------------------------------------------------------------------------------------------------------------------------------------------+
; Removed Registers Triggering Further Register Optimizations                                                                                             ;
+-----------------------------------------+---------------------------+-----------------------------------------------------------------------------------+
; Register name                           ; Reason for Removal        ; Registers Removed due to This Register                                            ;
+-----------------------------------------+---------------------------+-----------------------------------------------------------------------------------+
; morse:morse_decoder|received_pattern[4] ; Lost Fanouts              ; morse:morse_decoder|received_pattern[3], morse:morse_decoder|received_pattern[2], ;
;                                         ;                           ; morse:morse_decoder|received_pattern[1], morse:morse_decoder|received_pattern[0], ;
;                                         ;                           ; morse:morse_decoder|timer[31], morse:morse_decoder|timer[30],                     ;
;                                         ;                           ; morse:morse_decoder|timer[29], morse:morse_decoder|timer[28],                     ;
;                                         ;                           ; morse:morse_decoder|timer[27]                                                     ;
; morse:morse_decoder|ascii_char[7]       ; Stuck at GND              ; display:display_unit|display_buffer[0][7],                                        ;
;                                         ; due to stuck port data_in ; display:display_unit|display_buffer[1][7],                                        ;
;                                         ;                           ; display:display_unit|display_buffer[2][7],                                        ;
;                                         ;                           ; display:display_unit|display_buffer[3][7],                                        ;
;                                         ;                           ; display:display_unit|display_buffer[4][7],                                        ;
;                                         ;                           ; display:display_unit|display_buffer[5][7]                                         ;
+-----------------------------------------+---------------------------+-----------------------------------------------------------------------------------+


+------------------------------------------------------+
; General Register Statistics                          ;
+----------------------------------------------+-------+
; Statistic                                    ; Value ;
+----------------------------------------------+-------+
; Total registers                              ; 108   ;
; Number of registers using Synchronous Clear  ; 35    ;
; Number of registers using Synchronous Load   ; 0     ;
; Number of registers using Asynchronous Clear ; 108   ;
; Number of registers using Asynchronous Load  ; 0     ;
; Number of registers using Clock Enable       ; 27    ;
; Number of registers using Preset             ; 0     ;
+----------------------------------------------+-------+


+-----------------------------------------------------+
; Inverted Register Statistics                        ;
+-------------------------------------------+---------+
; Inverted Register                         ; Fan out ;
+-------------------------------------------+---------+
; display:display_unit|HEX0[0]              ; 1       ;
; display:display_unit|HEX0[1]              ; 1       ;
; display:display_unit|HEX0[2]              ; 1       ;
; display:display_unit|HEX0[3]              ; 1       ;
; display:display_unit|HEX0[4]              ; 1       ;
; display:display_unit|HEX0[5]              ; 1       ;
; display:display_unit|HEX0[6]              ; 1       ;
; display:display_unit|HEX1[0]              ; 1       ;
; display:display_unit|HEX1[1]              ; 1       ;
; display:display_unit|HEX1[2]              ; 1       ;
; display:display_unit|HEX1[3]              ; 1       ;
; display:display_unit|HEX1[4]              ; 1       ;
; display:display_unit|HEX1[5]              ; 1       ;
; display:display_unit|HEX1[6]              ; 1       ;
; display:display_unit|HEX2[0]              ; 1       ;
; display:display_unit|HEX2[1]              ; 1       ;
; display:display_unit|HEX2[2]              ; 1       ;
; display:display_unit|HEX2[3]              ; 1       ;
; display:display_unit|HEX2[4]              ; 1       ;
; display:display_unit|HEX2[5]              ; 1       ;
; display:display_unit|HEX2[6]              ; 1       ;
; display:display_unit|HEX3[0]              ; 1       ;
; display:display_unit|HEX3[1]              ; 1       ;
; display:display_unit|HEX3[2]              ; 1       ;
; display:display_unit|HEX3[3]              ; 1       ;
; display:display_unit|HEX3[4]              ; 1       ;
; display:display_unit|HEX3[5]              ; 1       ;
; display:display_unit|HEX3[6]              ; 1       ;
; display:display_unit|HEX4[0]              ; 1       ;
; display:display_unit|HEX4[1]              ; 1       ;
; display:display_unit|HEX4[2]              ; 1       ;
; display:display_unit|HEX4[3]              ; 1       ;
; display:display_unit|HEX4[4]              ; 1       ;
; display:display_unit|HEX4[5]              ; 1       ;
; display:display_unit|HEX4[6]              ; 1       ;
; display:display_unit|HEX5[0]              ; 1       ;
; display:display_unit|HEX5[1]              ; 1       ;
; display:display_unit|HEX5[2]              ; 1       ;
; display:display_unit|HEX5[3]              ; 1       ;
; display:display_unit|HEX5[4]              ; 1       ;
; display:display_unit|HEX5[5]              ; 1       ;
; display:display_unit|HEX5[6]              ; 1       ;
; display:display_unit|display_buffer[0][5] ; 5       ;
; display:display_unit|display_buffer[1][5] ; 5       ;
; display:display_unit|display_buffer[2][5] ; 5       ;
; display:display_unit|display_buffer[3][5] ; 5       ;
; display:display_unit|display_buffer[4][5] ; 5       ;
; display:display_unit|display_buffer[5][5] ; 5       ;
; morse:morse_decoder|ascii_char[5]         ; 6       ;
; Total number of inverted registers = 49   ;         ;
+-------------------------------------------+---------+


+------------------------------------------------------------------------------------------------------------------------------------------------------------------+
; Multiplexer Restructuring Statistics (Restructuring Performed)                                                                                                   ;
+--------------------+-----------+---------------+----------------------+------------------------+------------+----------------------------------------------------+
; Multiplexer Inputs ; Bus Width ; Baseline Area ; Area if Restructured ; Saving if Restructured ; Registered ; Example Multiplexer Output                         ;
+--------------------+-----------+---------------+----------------------+------------------------+------------+----------------------------------------------------+
; 5:1                ; 8 bits    ; 24 LEs        ; 0 LEs                ; 24 LEs                 ; Yes        ; |morse_top|morse:morse_decoder|received_pattern[3] ;
; 3:1                ; 32 bits   ; 64 LEs        ; 64 LEs               ; 0 LEs                  ; No         ; |morse_top|morse:morse_decoder|space_timer         ;
; 8:1                ; 4 bits    ; 20 LEs        ; 16 LEs               ; 4 LEs                  ; No         ; |morse_top|morse:morse_decoder|Selector66          ;
+--------------------+-----------+---------------+----------------------+------------------------+------------+----------------------------------------------------+


+------------------------------------------------------------------+
; Parameter Settings for User Entity Instance: morse:morse_decoder ;
+----------------+-----------+-------------------------------------+
; Parameter Name ; Value     ; Type                                ;
+----------------+-----------+-------------------------------------+
; DOT_TIME       ; 50000000  ; Signed Integer                      ;
; DASH_TIME      ; 100000000 ; Signed Integer                      ;
; SYMBOL_SPACE   ; 100000000 ; Signed Integer                      ;
; WORD_SPACE     ; 200000000 ; Signed Integer                      ;
+----------------+-----------+-------------------------------------+
Note: In order to hide this table in the UI and the text report file, please set the "Show Parameter Settings in Synthesis Report" option in "Analysis and Synthesis Settings -> More Settings" to "Off".


+-----------------------------------------------------+
; Post-Synthesis Netlist Statistics for Top Partition ;
+-----------------------+-----------------------------+
; Type                  ; Count                       ;
+-----------------------+-----------------------------+
; arriav_ff             ; 108                         ;
;     CLR               ; 49                          ;
;     CLR SCLR          ; 32                          ;
;     ENA CLR           ; 24                          ;
;     ENA CLR SCLR      ; 3                           ;
; arriav_lcell_comb     ; 137                         ;
;     arith             ; 32                          ;
;         1 data inputs ; 32                          ;
;     extend            ; 1                           ;
;         7 data inputs ; 1                           ;
;     normal            ; 104                         ;
;         1 data inputs ; 45                          ;
;         2 data inputs ; 14                          ;
;         3 data inputs ; 30                          ;
;         4 data inputs ; 9                           ;
;         5 data inputs ; 3                           ;
;         6 data inputs ; 3                           ;
; boundary_port         ; 46                          ;
;                       ;                             ;
; Max LUT depth         ; 4.10                        ;
; Average LUT depth     ; 1.84                        ;
+-----------------------+-----------------------------+


+-------------------------------+
; Elapsed Time Per Partition    ;
+----------------+--------------+
; Partition Name ; Elapsed Time ;
+----------------+--------------+
; Top            ; 00:00:00     ;
+----------------+--------------+


+-------------------------------+
; Analysis & Synthesis Messages ;
+-------------------------------+
Info: *******************************************************************
Info: Running Quartus Prime Analysis & Synthesis
    Info: Version 18.1.0 Build 625 09/12/2018 SJ Lite Edition
    Info: Processing started: Mon Oct 06 23:41:24 2025
Info: Command: quartus_map --read_settings_files=on --write_settings_files=off morse -c morse
Warning (18236): Number of processors has not been specified which may cause overloading on shared machines.  Set the global assignment NUM_PARALLEL_PROCESSORS in your QSF to an appropriate value for best performance.
Info (20030): Parallel compilation is enabled and will use 6 of the 6 processors detected
Info (12021): Found 1 design units, including 1 entities, in source file morse.v
    Info (12023): Found entity 1: morse File: D:/Repos/altera_morse_decoder/src/morse.v Line: 1
Info (12021): Found 1 design units, including 1 entities, in source file display.v
    Info (12023): Found entity 1: display File: D:/Repos/altera_morse_decoder/src/display.v Line: 1
Info (12021): Found 1 design units, including 1 entities, in source file morse_top.v
    Info (12023): Found entity 1: morse_top File: D:/Repos/altera_morse_decoder/src/morse_top.v Line: 1
Info (12127): Elaborating entity "morse_top" for the top level hierarchy
Info (12128): Elaborating entity "morse" for hierarchy "morse:morse_decoder" File: D:/Repos/altera_morse_decoder/src/morse_top.v Line: 27
Warning (10036): Verilog HDL or VHDL warning at morse.v(40): object "morse_rom" assigned a value but never read File: D:/Repos/altera_morse_decoder/src/morse.v Line: 40
Warning (10855): Verilog HDL warning at morse.v(42): initial value for variable morse_rom should be constant File: D:/Repos/altera_morse_decoder/src/morse.v Line: 42
Warning (10230): Verilog HDL assignment warning at morse.v(158): truncated value with size 32 to match size of target (3) File: D:/Repos/altera_morse_decoder/src/morse.v Line: 158
Warning (10230): Verilog HDL assignment warning at morse.v(97): truncated value with size 32 to match size of target (8) File: D:/Repos/altera_morse_decoder/src/morse.v Line: 97
Warning (10230): Verilog HDL assignment warning at morse.v(99): truncated value with size 32 to match size of target (8) File: D:/Repos/altera_morse_decoder/src/morse.v Line: 99
Warning (10030): Net "morse_rom[0..35]" at morse.v(40) has no driver or initial value, using a default initial value '0' File: D:/Repos/altera_morse_decoder/src/morse.v Line: 40
Info (12128): Elaborating entity "display" for hierarchy "display:display_unit" File: D:/Repos/altera_morse_decoder/src/morse_top.v Line: 41
Warning (10230): Verilog HDL assignment warning at display.v(122): truncated value with size 32 to match size of target (3) File: D:/Repos/altera_morse_decoder/src/display.v Line: 122
Info (286030): Timing-Driven Synthesis is running
Info (17049): 40 registers lost all their fanouts during netlist optimizations.
Info (16010): Generating hard_block partition "hard_block:auto_generated_inst"
    Info (16011): Adding 0 node(s), including 0 DDIO, 0 PLL, 0 transceiver and 0 LCELL
Info (21057): Implemented 176 device resources after synthesis - the final resource count might be different
    Info (21058): Implemented 3 input pins
    Info (21059): Implemented 43 output pins
    Info (21061): Implemented 130 logic cells
Info: Quartus Prime Analysis & Synthesis was successful. 0 errors, 8 warnings
    Info: Peak virtual memory: 4854 megabytes
    Info: Processing ended: Mon Oct 06 23:41:37 2025
    Info: Elapsed time: 00:00:13
    Info: Total CPU time (on all processors): 00:00:17


